<?xml version="1.0" encoding="UTF-8"?>
<testng-results ignored="0" total="5" passed="4" failed="1" skipped="0">
  <reporter-output>
  </reporter-output>
  <suite started-at="2024-08-15T17:25:54 EDT" name="Suite" finished-at="2024-08-15T17:25:57 EDT" duration-ms="2688">
    <groups>
    </groups>
    <test started-at="2024-08-15T17:25:54 EDT" name="Button Page" finished-at="2024-08-15T17:25:56 EDT" duration-ms="2230">
      <class name="com.qa.formy.tests.Button_Test">
        <test-method is-config="true" signature="setup()[pri:0, instance:com.qa.formy.tests.Button_Test@1e044120]" started-at="2024-08-15T17:25:54 EDT" name="setup" finished-at="2024-08-15T17:25:56 EDT" duration-ms="1805" status="PASS">
          <reporter-output>
          </reporter-output>
        </test-method> <!-- setup -->
        <test-method signature="veryfyAlltheButtonPresent()[pri:0, instance:com.qa.formy.tests.Button_Test@1e044120]" started-at="2024-08-15T17:25:56 EDT" name="veryfyAlltheButtonPresent" finished-at="2024-08-15T17:25:56 EDT" duration-ms="193" status="FAIL">
          <exception class="java.lang.AssertionError">
            <message>
              <![CDATA[Lists differ at element [0]: Primary != 11Primary expected [Primary] but found [11Primary]]]>
            </message>
            <full-stacktrace>
              <![CDATA[java.lang.AssertionError: Lists differ at element [0]: Primary != 11Primary expected [Primary] but found [11Primary]
at org.testng.Assert.fail(Assert.java:111)
at org.testng.Assert.failNotEquals(Assert.java:1578)
at org.testng.Assert.assertEqualsImpl(Assert.java:150)
at org.testng.Assert.assertEquals(Assert.java:1644)
at org.testng.Assert.assertEquals(Assert.java:1606)
at com.qa.formy.tests.Button_Test.veryfyAlltheButtonPresent(Button_Test.java:24)
at java.base/jdk.internal.reflect.DirectMethodHandleAccessor.invoke(DirectMethodHandleAccessor.java:104)
at java.base/java.lang.reflect.Method.invoke(Method.java:578)
at org.testng.internal.invokers.MethodInvocationHelper.invokeMethod(MethodInvocationHelper.java:139)
at org.testng.internal.invokers.TestInvoker.invokeMethod(TestInvoker.java:664)
at org.testng.internal.invokers.TestInvoker.invokeTestMethod(TestInvoker.java:227)
at org.testng.internal.invokers.MethodRunner.runInSequence(MethodRunner.java:50)
at org.testng.internal.invokers.TestInvoker$MethodInvocationAgent.invoke(TestInvoker.java:957)
at org.testng.internal.invokers.TestInvoker.invokeTestMethods(TestInvoker.java:200)
at org.testng.internal.invokers.TestMethodWorker.invokeTestMethods(TestMethodWorker.java:148)
at org.testng.internal.invokers.TestMethodWorker.run(TestMethodWorker.java:128)
at java.base/java.util.ArrayList.forEach(ArrayList.java:1511)
at org.testng.TestRunner.privateRun(TestRunner.java:848)
at org.testng.TestRunner.run(TestRunner.java:621)
at org.testng.SuiteRunner.runTest(SuiteRunner.java:443)
at org.testng.SuiteRunner$SuiteWorker.run(SuiteRunner.java:481)
at org.testng.internal.thread.ThreadUtil.lambda$execute$0(ThreadUtil.java:58)
at java.base/java.util.concurrent.FutureTask.run(FutureTask.java:317)
at java.base/java.util.concurrent.ThreadPoolExecutor.runWorker(ThreadPoolExecutor.java:1144)
at java.base/java.util.concurrent.ThreadPoolExecutor$Worker.run(ThreadPoolExecutor.java:642)
at java.base/java.lang.Thread.run(Thread.java:1623)
]]>
            </full-stacktrace>
          </exception> <!-- java.lang.AssertionError -->
          <reporter-output>
          </reporter-output>
        </test-method> <!-- veryfyAlltheButtonPresent -->
        <test-method is-config="true" signature="teardown()[pri:0, instance:com.qa.formy.tests.Button_Test@1e044120]" started-at="2024-08-15T17:25:56 EDT" name="teardown" finished-at="2024-08-15T17:25:56 EDT" duration-ms="87" status="PASS">
          <reporter-output>
          </reporter-output>
        </test-method> <!-- teardown -->
      </class> <!-- com.qa.formy.tests.Button_Test -->
    </test> <!-- Button Page -->
    <test started-at="2024-08-15T17:25:54 EDT" name="Autocomplete Page" finished-at="2024-08-15T17:25:57 EDT" duration-ms="2688">
      <class name="com.qa.formy.tests.Autocomplete_Test">
        <test-method is-config="true" signature="setup()[pri:0, instance:com.qa.formy.tests.Autocomplete_Test@751d3241]" started-at="2024-08-15T17:25:54 EDT" name="setup" finished-at="2024-08-15T17:25:56 EDT" duration-ms="1805" status="PASS">
          <reporter-output>
          </reporter-output>
        </test-method> <!-- setup -->
        <test-method signature="verifyTitle()[pri:1, instance:com.qa.formy.tests.Autocomplete_Test@751d3241]" started-at="2024-08-15T17:25:56 EDT" name="verifyTitle" finished-at="2024-08-15T17:25:56 EDT" duration-ms="54" status="PASS">
          <reporter-output>
          </reporter-output>
        </test-method> <!-- verifyTitle -->
        <test-method signature="veryfyInputFieldEnbled()[pri:2, instance:com.qa.formy.tests.Autocomplete_Test@751d3241]" started-at="2024-08-15T17:25:56 EDT" name="veryfyInputFieldEnbled" finished-at="2024-08-15T17:25:56 EDT" depends-on-methods="com.qa.formy.tests.Autocomplete_Test.verifyTitle" duration-ms="113" status="PASS">
          <reporter-output>
          </reporter-output>
        </test-method> <!-- veryfyInputFieldEnbled -->
        <test-method signature="validateFormAutocompleteField(java.lang.String,java.lang.String,java.lang.String,java.lang.String,java.lang.String,java.lang.String,java.lang.String)[pri:3, instance:com.qa.formy.tests.Autocomplete_Test@751d3241]" started-at="2024-08-15T17:25:56 EDT" name="validateFormAutocompleteField" data-provider="getAutocompleteFormData" finished-at="2024-08-15T17:25:57 EDT" depends-on-methods="com.qa.formy.tests.Autocomplete_Test.verifyTitle" duration-ms="348" status="PASS">
          <params>
            <param index="0">
              <value>
                <![CDATA[hillcrest dr]]>
              </value>
            </param>
            <param index="1">
              <value>
                <![CDATA[hillcrest]]>
              </value>
            </param>
            <param index="2">
              <value>
                <![CDATA[amherstBuffalo]]>
              </value>
            </param>
            <param index="3">
              <value>
                <![CDATA[Amherst]]>
              </value>
            </param>
            <param index="4">
              <value>
                <![CDATA[NY]]>
              </value>
            </param>
            <param index="5">
              <value>
                <![CDATA[14226]]>
              </value>
            </param>
            <param index="6">
              <value>
                <![CDATA[USA]]>
              </value>
            </param>
          </params>
          <reporter-output>
          </reporter-output>
        </test-method> <!-- validateFormAutocompleteField -->
        <test-method signature="validateFormAutocompleteField(java.lang.String,java.lang.String,java.lang.String,java.lang.String,java.lang.String,java.lang.String,java.lang.String)[pri:3, instance:com.qa.formy.tests.Autocomplete_Test@751d3241]" started-at="2024-08-15T17:25:57 EDT" name="validateFormAutocompleteField" data-provider="getAutocompleteFormData" finished-at="2024-08-15T17:25:57 EDT" depends-on-methods="com.qa.formy.tests.Autocomplete_Test.verifyTitle" duration-ms="237" status="PASS">
          <params>
            <param index="0">
              <value>
                <![CDATA[DhakaMirpur]]>
              </value>
            </param>
            <param index="1">
              <value>
                <![CDATA[Mi]]>
              </value>
            </param>
            <param index="2">
              <value>
                <![CDATA[Mipur]]>
              </value>
            </param>
            <param index="3">
              <value>
                <![CDATA[Dhaka]]>
              </value>
            </param>
            <param index="4">
              <value>
                <![CDATA[BD]]>
              </value>
            </param>
            <param index="5">
              <value>
                <![CDATA[14]]>
              </value>
            </param>
            <param index="6">
              <value>
                <![CDATA[BD]]>
              </value>
            </param>
          </params>
          <reporter-output>
          </reporter-output>
        </test-method> <!-- validateFormAutocompleteField -->
        <test-method is-config="true" signature="teardown()[pri:0, instance:com.qa.formy.tests.Autocomplete_Test@751d3241]" started-at="2024-08-15T17:25:57 EDT" name="teardown" finished-at="2024-08-15T17:25:57 EDT" duration-ms="80" status="PASS">
          <reporter-output>
          </reporter-output>
        </test-method> <!-- teardown -->
      </class> <!-- com.qa.formy.tests.Autocomplete_Test -->
    </test> <!-- Autocomplete Page -->
  </suite> <!-- Suite -->
</testng-results>
